The system is: Windows - 10.0.19045 - AMD64
Compiling the C compiler identification source file "CMakeCCompilerId.c" succeeded.
Compiler:  
Build flags: 
Id flags:  

The output was:
0
Microsoft (R) Build Engine 17.2.1+52cd2da31 dla platformy .NET Framework
Copyright (C) Microsoft Corporation. Wszelkie prawa zastrzeżone.

Kompilacja rozpoczęła się 09.07.2023 16:05:24.
Projekt "D:\WarGame\build\CMakeFiles\3.25.1\CompilerIdC\CompilerIdC.vcxproj" w węźle 1 (domyślne elementy docelowe).
PrepareForBuild:
  Tworzenie katalogu "Debug\".
  Tworzenie katalogu "Debug\CompilerIdC.tlog\".
InitializeBuildStatus:
  Trwa tworzenie "Debug\CompilerIdC.tlog\unsuccessfulbuild", ponieważ określono "AlwaysCreate".
VcpkgTripletSelection:
  Using triplet "x64-windows" from "D:\repos\Prata\matrix\packages\vcpkg\installed\x64-windows\"
  Using normalized configuration "Release"
ClCompile:
  C:\Program Files\Microsoft Visual Studio\2022\Community\VC\Tools\MSVC\14.32.31326\bin\HostX64\x64\CL.exe /c /I"D:\repos\Prata\matrix\packages\vcpkg\installed\x64-windows\include" /nologo /W0 /WX- /diagnostics:column /Od /D _MBCS /Gm- /EHsc /RTC1 /MDd /GS /fp:precise /Zc:wchar_t /Zc:forScope /Zc:inline /Fo"Debug\\" /Fd"Debug\vc143.pdb" /external:W0 /Gd /TC /FC /errorReport:queue CMakeCCompilerId.c
  CMakeCCompilerId.c
Link:
  C:\Program Files\Microsoft Visual Studio\2022\Community\VC\Tools\MSVC\14.32.31326\bin\HostX64\x64\link.exe /ERRORREPORT:QUEUE /OUT:".\CompilerIdC.exe" /INCREMENTAL:NO /NOLOGO /LIBPATH:"D:\repos\Prata\matrix\packages\vcpkg\installed\x64-windows\lib" /LIBPATH:"D:\repos\Prata\matrix\packages\vcpkg\installed\x64-windows\lib\manual-link" kernel32.lib user32.lib gdi32.lib winspool.lib comdlg32.lib advapi32.lib shell32.lib ole32.lib oleaut32.lib uuid.lib odbc32.lib odbccp32.lib "D:\repos\Prata\matrix\packages\vcpkg\installed\x64-windows\lib\*.lib" /MANIFEST /MANIFESTUAC:"level='asInvoker' uiAccess='false'" /manifest:embed /PDB:".\CompilerIdC.pdb" /SUBSYSTEM:CONSOLE /TLBID:1 /DYNAMICBASE /NXCOMPAT /IMPLIB:".\CompilerIdC.lib" /MACHINE:X64 Debug\CMakeCCompilerId.obj
  CompilerIdC.vcxproj -> D:\WarGame\build\CMakeFiles\3.25.1\CompilerIdC\CompilerIdC.exe
AppLocalFromInstalled:
  pwsh.exe -ExecutionPolicy Bypass -noprofile -File "D:\repos\Prata\matrix\packages\vcpkg\scripts\buildsystems\msbuild\applocal.ps1" "D:\WarGame\build\CMakeFiles\3.25.1\CompilerIdC\CompilerIdC.exe" "D:\repos\Prata\matrix\packages\vcpkg\installed\x64-windows\bin" "Debug\CompilerIdC.tlog\CompilerIdC.write.1u.tlog" "Debug\vcpkg.applocal.log"
  'pwsh.exe' is not recognized as an internal or external command,
  operable program or batch file.
  Polecenie "pwsh.exe -ExecutionPolicy Bypass -noprofile -File "D:\repos\Prata\matrix\packages\vcpkg\scripts\buildsystems\msbuild\applocal.ps1" "D:\WarGame\build\CMakeFiles\3.25.1\CompilerIdC\CompilerIdC.exe" "D:\repos\Prata\matrix\packages\vcpkg\installed\x64-windows\bin" "Debug\CompilerIdC.tlog\CompilerIdC.write.1u.tlog" "Debug\vcpkg.applocal.log"" zostało zakończone przez kod 9009.
  "C:\WINDOWS\System32\WindowsPowerShell\v1.0\powershell.exe" -ExecutionPolicy Bypass -noprofile -File "D:\repos\Prata\matrix\packages\vcpkg\scripts\buildsystems\msbuild\applocal.ps1" "D:\WarGame\build\CMakeFiles\3.25.1\CompilerIdC\CompilerIdC.exe" "D:\repos\Prata\matrix\packages\vcpkg\installed\x64-windows\bin" "Debug\CompilerIdC.tlog\CompilerIdC.write.1u.tlog" "Debug\vcpkg.applocal.log"
PostBuildEvent:
  for %%i in (cl.exe) do @echo CMAKE_C_COMPILER=%%~$PATH:i
  :VCEnd
  CMAKE_C_COMPILER=C:\Program Files\Microsoft Visual Studio\2022\Community\VC\Tools\MSVC\14.32.31326\bin\Hostx64\x64\cl.exe
FinalizeBuildStatus:
  Usuwanie pliku "Debug\CompilerIdC.tlog\unsuccessfulbuild".
  Modyfikowanie "Debug\CompilerIdC.tlog\CompilerIdC.lastbuildstate".
Kompilowanie projektu "D:\WarGame\build\CMakeFiles\3.25.1\CompilerIdC\CompilerIdC.vcxproj" wykonane (domyślne elementy docelowe).

Kompilacja powiodła się.
    Ostrzeżenia: 0
    Liczba błędów: 0

Czas, który upłynął: 00:00:01.29


Compilation of the C compiler identification source "CMakeCCompilerId.c" produced "CompilerIdC.exe"

Compilation of the C compiler identification source "CMakeCCompilerId.c" produced "CompilerIdC.vcxproj"

The C compiler identification is MSVC, found in "D:/WarGame/build/CMakeFiles/3.25.1/CompilerIdC/CompilerIdC.exe"

Compiling the CXX compiler identification source file "CMakeCXXCompilerId.cpp" succeeded.
Compiler:  
Build flags: 
Id flags:  

The output was:
0
Microsoft (R) Build Engine 17.2.1+52cd2da31 dla platformy .NET Framework
Copyright (C) Microsoft Corporation. Wszelkie prawa zastrzeżone.

Kompilacja rozpoczęła się 09.07.2023 16:05:26.
Projekt "D:\WarGame\build\CMakeFiles\3.25.1\CompilerIdCXX\CompilerIdCXX.vcxproj" w węźle 1 (domyślne elementy docelowe).
PrepareForBuild:
  Tworzenie katalogu "Debug\".
  Tworzenie katalogu "Debug\CompilerIdCXX.tlog\".
InitializeBuildStatus:
  Trwa tworzenie "Debug\CompilerIdCXX.tlog\unsuccessfulbuild", ponieważ określono "AlwaysCreate".
VcpkgTripletSelection:
  Using triplet "x64-windows" from "D:\repos\Prata\matrix\packages\vcpkg\installed\x64-windows\"
  Using normalized configuration "Release"
ClCompile:
  C:\Program Files\Microsoft Visual Studio\2022\Community\VC\Tools\MSVC\14.32.31326\bin\HostX64\x64\CL.exe /c /I"D:\repos\Prata\matrix\packages\vcpkg\installed\x64-windows\include" /nologo /W0 /WX- /diagnostics:column /Od /D _MBCS /Gm- /EHsc /RTC1 /MDd /GS /fp:precise /Zc:wchar_t /Zc:forScope /Zc:inline /Fo"Debug\\" /Fd"Debug\vc143.pdb" /external:W0 /Gd /TP /FC /errorReport:queue CMakeCXXCompilerId.cpp
  CMakeCXXCompilerId.cpp
Link:
  C:\Program Files\Microsoft Visual Studio\2022\Community\VC\Tools\MSVC\14.32.31326\bin\HostX64\x64\link.exe /ERRORREPORT:QUEUE /OUT:".\CompilerIdCXX.exe" /INCREMENTAL:NO /NOLOGO /LIBPATH:"D:\repos\Prata\matrix\packages\vcpkg\installed\x64-windows\lib" /LIBPATH:"D:\repos\Prata\matrix\packages\vcpkg\installed\x64-windows\lib\manual-link" kernel32.lib user32.lib gdi32.lib winspool.lib comdlg32.lib advapi32.lib shell32.lib ole32.lib oleaut32.lib uuid.lib odbc32.lib odbccp32.lib "D:\repos\Prata\matrix\packages\vcpkg\installed\x64-windows\lib\*.lib" /MANIFEST /MANIFESTUAC:"level='asInvoker' uiAccess='false'" /manifest:embed /PDB:".\CompilerIdCXX.pdb" /SUBSYSTEM:CONSOLE /TLBID:1 /DYNAMICBASE /NXCOMPAT /IMPLIB:".\CompilerIdCXX.lib" /MACHINE:X64 Debug\CMakeCXXCompilerId.obj
  CompilerIdCXX.vcxproj -> D:\WarGame\build\CMakeFiles\3.25.1\CompilerIdCXX\CompilerIdCXX.exe
AppLocalFromInstalled:
  pwsh.exe -ExecutionPolicy Bypass -noprofile -File "D:\repos\Prata\matrix\packages\vcpkg\scripts\buildsystems\msbuild\applocal.ps1" "D:\WarGame\build\CMakeFiles\3.25.1\CompilerIdCXX\CompilerIdCXX.exe" "D:\repos\Prata\matrix\packages\vcpkg\installed\x64-windows\bin" "Debug\CompilerIdCXX.tlog\CompilerIdCXX.write.1u.tlog" "Debug\vcpkg.applocal.log"
  'pwsh.exe' is not recognized as an internal or external command,
  operable program or batch file.
  Polecenie "pwsh.exe -ExecutionPolicy Bypass -noprofile -File "D:\repos\Prata\matrix\packages\vcpkg\scripts\buildsystems\msbuild\applocal.ps1" "D:\WarGame\build\CMakeFiles\3.25.1\CompilerIdCXX\CompilerIdCXX.exe" "D:\repos\Prata\matrix\packages\vcpkg\installed\x64-windows\bin" "Debug\CompilerIdCXX.tlog\CompilerIdCXX.write.1u.tlog" "Debug\vcpkg.applocal.log"" zostało zakończone przez kod 9009.
  "C:\WINDOWS\System32\WindowsPowerShell\v1.0\powershell.exe" -ExecutionPolicy Bypass -noprofile -File "D:\repos\Prata\matrix\packages\vcpkg\scripts\buildsystems\msbuild\applocal.ps1" "D:\WarGame\build\CMakeFiles\3.25.1\CompilerIdCXX\CompilerIdCXX.exe" "D:\repos\Prata\matrix\packages\vcpkg\installed\x64-windows\bin" "Debug\CompilerIdCXX.tlog\CompilerIdCXX.write.1u.tlog" "Debug\vcpkg.applocal.log"
PostBuildEvent:
  for %%i in (cl.exe) do @echo CMAKE_CXX_COMPILER=%%~$PATH:i
  :VCEnd
  CMAKE_CXX_COMPILER=C:\Program Files\Microsoft Visual Studio\2022\Community\VC\Tools\MSVC\14.32.31326\bin\Hostx64\x64\cl.exe
FinalizeBuildStatus:
  Usuwanie pliku "Debug\CompilerIdCXX.tlog\unsuccessfulbuild".
  Modyfikowanie "Debug\CompilerIdCXX.tlog\CompilerIdCXX.lastbuildstate".
Kompilowanie projektu "D:\WarGame\build\CMakeFiles\3.25.1\CompilerIdCXX\CompilerIdCXX.vcxproj" wykonane (domyślne elementy docelowe).

Kompilacja powiodła się.
    Ostrzeżenia: 0
    Liczba błędów: 0

Czas, który upłynął: 00:00:01.12


Compilation of the CXX compiler identification source "CMakeCXXCompilerId.cpp" produced "CompilerIdCXX.exe"

Compilation of the CXX compiler identification source "CMakeCXXCompilerId.cpp" produced "CompilerIdCXX.vcxproj"

The CXX compiler identification is MSVC, found in "D:/WarGame/build/CMakeFiles/3.25.1/CompilerIdCXX/CompilerIdCXX.exe"

Detecting C compiler ABI info compiled with the following output:
Change Dir: D:/WarGame/build/CMakeFiles/CMakeScratch/TryCompile-ga14rt

Run Build Command(s):C:/Program Files/Microsoft Visual Studio/2022/Community/MSBuild/Current/Bin/amd64/MSBuild.exe cmTC_cfd8f.vcxproj /p:Configuration=Debug /p:Platform=x64 /p:VisualStudioVersion=17.0 /v:m && Microsoft (R) Build Engine 17.2.1+52cd2da31 dla platformy .NET Framework
Copyright (C) Microsoft Corporation. Wszelkie prawa zastrzeżone.

  Microsoft (R) C/C++ wersja kompilatora optymalizującego 19.32.31332 dla x64
  CMakeCCompilerABI.c
  Copyright (C) Microsoft Corporation. Wszystkie prawa zastrzeżone.
  cl /c /I"D:\repos\Prata\matrix\packages\vcpkg\installed\x64-windows\include" /Zi /W3 /WX- /diagnostics:column /Od /Ob0 /D _MBCS /D WIN32 /D _WINDOWS /D "CMAKE_INTDIR=\"Debug\"" /Gm- /RTC1 /MDd /GS /fp:precise /Zc:wchar_t /Zc:forScope /Zc:inline /Fo"cmTC_cfd8f.dir\Debug\\" /Fd"cmTC_cfd8f.dir\Debug\vc143.pdb" /external:W3 /Gd /TC /errorReport:queue "D:\cmake-3.25.1-windows-x86_64\share\cmake-3.25\Modules\CMakeCCompilerABI.c"
  cmTC_cfd8f.vcxproj -> D:\WarGame\build\CMakeFiles\CMakeScratch\TryCompile-ga14rt\Debug\cmTC_cfd8f.exe



Detecting CXX compiler ABI info compiled with the following output:
Change Dir: D:/WarGame/build/CMakeFiles/CMakeScratch/TryCompile-tk2dg9

Run Build Command(s):C:/Program Files/Microsoft Visual Studio/2022/Community/MSBuild/Current/Bin/amd64/MSBuild.exe cmTC_fb824.vcxproj /p:Configuration=Debug /p:Platform=x64 /p:VisualStudioVersion=17.0 /v:m && Microsoft (R) Build Engine 17.2.1+52cd2da31 dla platformy .NET Framework
Copyright (C) Microsoft Corporation. Wszelkie prawa zastrzeżone.

  Microsoft (R) C/C++ wersja kompilatora optymalizującego 19.32.31332 dla x64
  CMakeCXXCompilerABI.cpp
  Copyright (C) Microsoft Corporation. Wszystkie prawa zastrzeżone.
  cl /c /I"D:\repos\Prata\matrix\packages\vcpkg\installed\x64-windows\include" /Zi /W3 /WX- /diagnostics:column /Od /Ob0 /D _MBCS /D WIN32 /D _WINDOWS /D "CMAKE_INTDIR=\"Debug\"" /Gm- /EHsc /RTC1 /MDd /GS /fp:precise /Zc:wchar_t /Zc:forScope /Zc:inline /GR /Fo"cmTC_fb824.dir\Debug\\" /Fd"cmTC_fb824.dir\Debug\vc143.pdb" /external:W3 /Gd /TP /errorReport:queue "D:\cmake-3.25.1-windows-x86_64\share\cmake-3.25\Modules\CMakeCXXCompilerABI.cpp"
  cmTC_fb824.vcxproj -> D:\WarGame\build\CMakeFiles\CMakeScratch\TryCompile-tk2dg9\Debug\cmTC_fb824.exe



